#
# A fatal error has been detected by the Java Runtime Environment:
#
#  SIGSEGV (0xb) at pc=0x0000000121a9f2cd, pid=5036, tid=54283
#
# JRE version: Java(TM) SE Runtime Environment (8.0_60-b27) (build 1.8.0_60-b27)
# Java VM: Java HotSpot(TM) 64-Bit Server VM (25.60-b23 mixed mode bsd-amd64 compressed oops)
# Problematic frame:
# C  [libawt_lwawt.dylib+0x1b2cd]  OGLSD_SetScratchSurface+0x53
#
# Failed to write core dump. Core dumps have been disabled. To enable core dumping, try "ulimit -c unlimited" before starting Java again
#
# If you would like to submit a bug report, please visit:
#   http://bugreport.java.com/bugreport/crash.jsp
# The crash happened outside the Java Virtual Machine in native code.
# See problematic frame for where to report the bug.
#

---------------  T H R E A D  ---------------

Current thread (0x00007ffe28104800):  JavaThread "Java2D Queue Flusher" daemon [_thread_in_native, id=54283, stack(0x00007000062c1000,0x00007000063c1000)]

siginfo: si_signo: 11 (SIGSEGV), si_code: 1 (SEGV_MAPERR), si_addr: 0x00000000007ffe26

Registers:
RAX=0x00007ffe279b6038, RBX=0x00007ffe26cd0003, RCX=0x00007ffe279b6040, RDX=0x0000000121abfa54
RSP=0x00007000063c06e0, RBP=0x00007000063c0700, RSI=0x00007ffe26c55280, RDI=0x00007ffe279b6038
R8 =0x00007ffe26c4c440, R9 =0x00000000003a5dc7, R10=0x000000010c01d928, R11=0x0000000109adc4db
R12=0x0000000000000000, R13=0x000000010b8d81f8, R14=0x00007ffe281049f8, R15=0x00000000007ffe26
RIP=0x0000000121a9f2cd, EFLAGS=0x0000000000010202, ERR=0x0000000000000004
  TRAPNO=0x000000000000000e

Top of Stack: (sp=0x00007000063c06e0)
0x00007000063c06e0:   00007ffe26c55280 0000000000000000
0x00007000063c06f0:   00007ffe2799c210 00007ffe28104800
0x00007000063c0700:   00007000063c0780 0000000121abf532
0x00007000063c0710:   00007000063c0760 000000020c124466
0x00007000063c0720:   0000000000000000 000000012703455a
0x00007000063c0730:   0000000000000064 00007ffe28104800
0x00007000063c0740:   0000000000000bad 00007ffe2799c220
0x00007000063c0750:   00007ffe00104800 00007ffe281049f8
0x00007000063c0760:   000000010b8d81f8 0000000000000000
0x00007000063c0770:   00007000063c0830 00007ffe28104800
0x00007000063c0780:   00007000063c07f8 000000010c01d954
0x00007000063c0790:   00007000063c0780 000000010b49b704
0x00007000063c07a0:   00007000063c0818 000000010b531028
0x00007000063c07b0:   00007000063c07d0 00007000063c07b8
0x00007000063c07c0:   0000000000000000 00007000063c0830
0x00007000063c07d0:   000000010b8d9290 0000000000000000
0x00007000063c07e0:   000000010b8d81f8 0000000000000000
0x00007000063c07f0:   00007000063c0818 00007000063c0878
0x00007000063c0800:   000000010c00fc4d 0000000000000000
0x00007000063c0810:   000000010c017578 0000000000000020
0x00007000063c0820:   00007ffe2799c200 0000000797b4ba78
0x00007000063c0830:   0000000797b4ba60 00007000063c0838
0x00007000063c0840:   000000010b8d82a5 00007000063c0890
0x00007000063c0850:   000000010b8d9290 0000000000000000
0x00007000063c0860:   000000010b8d82c8 00007000063c0818
0x00007000063c0870:   00007000063c0890 00007000063c08d8
0x00007000063c0880:   000000010c00fc4d 0000000000000020
0x00007000063c0890:   0000000797b4ba60 00007000063c0898
0x00007000063c08a0:   000000010b8d8481 00007000063c08e8
0x00007000063c08b0:   000000010b8d9290 0000000000000000
0x00007000063c08c0:   000000010b8d8490 00007000063c0890
0x00007000063c08d0:   00007000063c08e8 00007000063c0940 

Instructions: (pc=0x0000000121a9f2cd)
0x0000000121a9f2ad:   48 85 db 75 0e bf 01 00 00 00 48 8d 15 d7 71 03
0x0000000121a9f2bd:   00 eb d6 49 89 fe 4c 8b 3b 30 c0 e8 01 9e 02 00
0x0000000121a9f2cd:   49 8b 3f 49 89 c4 48 8b 35 36 f3 05 00 30 c0 e8
0x0000000121a9f2dd:   25 9f 02 00 48 85 c0 75 4e 30 c0 e8 37 09 02 00 

Register to memory mapping:

RAX=0x00007ffe279b6038 is an unknown value
RBX=0x00007ffe26cd0003 is an unknown value
RCX=0x00007ffe279b6040 is an unknown value
RDX=0x0000000121abfa54: Java_sun_java2d_opengl_OGLRenderQueue_flushBuffer+0xb5c in /Library/Java/JavaVirtualMachines/jdk1.8.0_60.jdk/Contents/Home/jre/lib/libawt_lwawt.dylib at 0x0000000121a84000
RSP=0x00007000063c06e0 is pointing into the stack for thread: 0x00007ffe28104800
RBP=0x00007000063c0700 is pointing into the stack for thread: 0x00007ffe28104800
RSI=0x00007ffe26c55280 is an unknown value
RDI=0x00007ffe279b6038 is an unknown value
R8 =0x00007ffe26c4c440 is an unknown value
R9 =0x00000000003a5dc7 is an unknown value
R10=0x000000010c01d928 is at code_begin+808 in an Interpreter codelet
method entry point (kind = native)  [0x000000010c01d600, 0x000000010c01df00]  2304 bytes
R11=0x0000000109adc4db: throw_unsatisfied_link_error+0 in /Library/Java/JavaVirtualMachines/jdk1.8.0_60.jdk/Contents/Home/jre/lib/server/libjvm.dylib at 0x0000000109600000
R12=0x0000000000000000 is an unknown value
R13={method} {0x000000010b8d81f8} 'flushBuffer' '(JI)V' in 'sun/java2d/opengl/OGLRenderQueue'
R14=0x00007ffe281049f8 is an unknown value
R15=0x00000000007ffe26 is an unknown value


Stack: [0x00007000062c1000,0x00007000063c1000],  sp=0x00007000063c06e0,  free space=1021k
Native frames: (J=compiled Java code, j=interpreted, Vv=VM code, C=native code)
C  [libawt_lwawt.dylib+0x1b2cd]  OGLSD_SetScratchSurface+0x53
C  [libawt_lwawt.dylib+0x3b532]  Java_sun_java2d_opengl_OGLRenderQueue_flushBuffer+0x63a
j  sun.java2d.opengl.OGLRenderQueue.flushBuffer(JI)V+0
j  sun.java2d.opengl.OGLRenderQueue.flushBuffer()V+21
j  sun.java2d.opengl.OGLRenderQueue.access$100(Lsun/java2d/opengl/OGLRenderQueue;)V+1
j  sun.java2d.opengl.OGLRenderQueue$QueueFlusher.run()V+81
v  ~StubRoutines::call_stub
V  [libjvm.dylib+0x2eab0e]  JavaCalls::call_helper(JavaValue*, methodHandle*, JavaCallArguments*, Thread*)+0x6ae
V  [libjvm.dylib+0x2eb29c]  JavaCalls::call_virtual(JavaValue*, KlassHandle, Symbol*, Symbol*, JavaCallArguments*, Thread*)+0x164
V  [libjvm.dylib+0x2eb448]  JavaCalls::call_virtual(JavaValue*, Handle, KlassHandle, Symbol*, Symbol*, Thread*)+0x4a
V  [libjvm.dylib+0x345965]  thread_entry(JavaThread*, Thread*)+0x7c
V  [libjvm.dylib+0x5612d3]  JavaThread::thread_main_inner()+0x9b
V  [libjvm.dylib+0x5629ce]  JavaThread::run()+0x1c2
V  [libjvm.dylib+0x48343a]  java_start(Thread*)+0xf6
C  [libsystem_pthread.dylib+0x39af]  _pthread_body+0xb4
C  [libsystem_pthread.dylib+0x38fb]  _pthread_body+0x0
C  [libsystem_pthread.dylib+0x3101]  thread_start+0xd
C  0x0000000000000000

Java frames: (J=compiled Java code, j=interpreted, Vv=VM code)
j  sun.java2d.opengl.OGLRenderQueue.flushBuffer(JI)V+0
j  sun.java2d.opengl.OGLRenderQueue.flushBuffer()V+21
j  sun.java2d.opengl.OGLRenderQueue.access$100(Lsun/java2d/opengl/OGLRenderQueue;)V+1
j  sun.java2d.opengl.OGLRenderQueue$QueueFlusher.run()V+81
v  ~StubRoutines::call_stub

---------------  P R O C E S S  ---------------

Java Threads: ( => current thread )
  0x00007ffe271a8000 JavaThread "TimerQueue" daemon [_thread_blocked, id=4179, stack(0x00007000065ca000,0x00007000066ca000)]
  0x00007ffe278a7000 JavaThread "DestroyJavaVM" [_thread_blocked, id=6915, stack(0x000070000520b000,0x000070000530b000)]
  0x00007ffe28101800 JavaThread "AWT-EventQueue-0" [_thread_blocked, id=61455, stack(0x00007000064c7000,0x00007000065c7000)]
  0x00007ffe28110800 JavaThread "Java2D Disposer" daemon [_thread_blocked, id=56335, stack(0x00007000063c4000,0x00007000064c4000)]
=>0x00007ffe28104800 JavaThread "Java2D Queue Flusher" daemon [_thread_in_native, id=54283, stack(0x00007000062c1000,0x00007000063c1000)]
  0x00007ffe2884f000 JavaThread "AWT-Shutdown" [_thread_blocked, id=29215, stack(0x00007000060b8000,0x00007000061b8000)]
  0x00007ffe27916000 JavaThread "AppKit Thread" daemon [_thread_in_native, id=775, stack(0x00007fff56690000,0x00007fff56e90000)]
  0x00007ffe2881a800 JavaThread "Service Thread" daemon [_thread_blocked, id=18691, stack(0x0000700005eb2000,0x0000700005fb2000)]
  0x00007ffe27842800 JavaThread "C1 CompilerThread2" daemon [_thread_blocked, id=18179, stack(0x0000700005daf000,0x0000700005eaf000)]
  0x00007ffe2705f800 JavaThread "C2 CompilerThread1" daemon [_thread_blocked, id=17667, stack(0x0000700005cac000,0x0000700005dac000)]
  0x00007ffe28010000 JavaThread "C2 CompilerThread0" daemon [_thread_blocked, id=17155, stack(0x0000700005ba9000,0x0000700005ca9000)]
  0x00007ffe2880b000 JavaThread "Signal Dispatcher" daemon [_thread_blocked, id=16643, stack(0x0000700005aa6000,0x0000700005ba6000)]
  0x00007ffe27034800 JavaThread "Finalizer" daemon [_thread_blocked, id=12291, stack(0x0000700005920000,0x0000700005a20000)]
  0x00007ffe27829000 JavaThread "Reference Handler" daemon [_thread_blocked, id=11779, stack(0x000070000581d000,0x000070000591d000)]

Other Threads:
  0x00007ffe28808800 VMThread [stack: 0x000070000571a000,0x000070000581a000] [id=11267]
  0x00007ffe2881b800 WatcherThread [stack: 0x0000700005fb5000,0x00007000060b5000] [id=19203]

VM state:not at safepoint (normal execution)

VM Mutex/Monitor currently owned by a thread: None

Heap:
 PSYoungGen      total 38400K, used 6997K [0x0000000795580000, 0x0000000798000000, 0x00000007c0000000)
  eden space 33280K, 5% used [0x0000000795580000,0x000000079575d770,0x0000000797600000)
  from space 5120K, 99% used [0x0000000797b00000,0x0000000797ff8020,0x0000000798000000)
  to   space 5120K, 0% used [0x0000000797600000,0x0000000797600000,0x0000000797b00000)
 ParOldGen       total 87552K, used 24K [0x0000000740000000, 0x0000000745580000, 0x0000000795580000)
  object space 87552K, 0% used [0x0000000740000000,0x0000000740006000,0x0000000745580000)
 Metaspace       used 11351K, capacity 11604K, committed 11776K, reserved 1058816K
  class space    used 1427K, capacity 1512K, committed 1536K, reserved 1048576K

Card table byte_map: [0x000000010a98f000,0x000000010ad90000] byte_map_base: 0x0000000106f8f000

Marking Bits: (ParMarkBitMap*) 0x0000000109edee20
 Begin Bits: [0x000000011b008000, 0x000000011d008000)
 End Bits:   [0x000000011d008000, 0x000000011f008000)

Polling page: 0x0000000108dfb000

CodeCache: size=245760Kb used=3792Kb max_used=3792Kb free=241967Kb
 bounds [0x000000010c008000, 0x000000010c3c8000, 0x000000011b008000]
 total_blobs=1506 nmethods=1002 adapters=418
 compilation: enabled

Compilation events (10 events):
Event: 4456.217 Thread 0x00007ffe27842800 1002       3       java.awt.AWTEventMulticaster::removeInternal (29 bytes)
Event: 4456.217 Thread 0x00007ffe27842800 nmethod 1002 0x000000010c3ba610 code [0x000000010c3ba7a0, 0x000000010c3bac48]
Event: 4461.661 Thread 0x00007ffe27842800 1003  s    3       java.awt.Component::removeMouseMotionListener (18 bytes)
Event: 4461.662 Thread 0x00007ffe27842800 nmethod 1003 0x000000010c3b99d0 code [0x000000010c3b9b80, 0x000000010c3ba408]
Event: 4461.662 Thread 0x00007ffe27842800 1004       3       java.awt.AWTEventMulticaster::remove (9 bytes)
Event: 4461.662 Thread 0x00007ffe27842800 nmethod 1004 0x000000010c3be6d0 code [0x000000010c3be860, 0x000000010c3bee48]
Event: 4480.628 Thread 0x00007ffe27842800 1005       3       java.lang.ref.Reference::access$100 (4 bytes)
Event: 4480.629 Thread 0x00007ffe27842800 nmethod 1005 0x000000010c3be3d0 code [0x000000010c3be520, 0x000000010c3be670]
Event: 4480.629 Thread 0x00007ffe27842800 1006   !   3       java.lang.ref.ReferenceQueue::enqueue (119 bytes)
Event: 4480.629 Thread 0x00007ffe27842800 nmethod 1006 0x000000010c3bd890 code [0x000000010c3bda40, 0x000000010c3be1c8]

GC Heap History (4 events):
Event: 3589.319 GC heap before
{Heap before GC invocations=1 (full 0):
 PSYoungGen      total 38400K, used 33280K [0x0000000795580000, 0x0000000798000000, 0x00000007c0000000)
  eden space 33280K, 100% used [0x0000000795580000,0x0000000797600000,0x0000000797600000)
  from space 5120K, 0% used [0x0000000797b00000,0x0000000797b00000,0x0000000798000000)
  to   space 5120K, 0% used [0x0000000797600000,0x0000000797600000,0x0000000797b00000)
 ParOldGen       total 87552K, used 0K [0x0000000740000000, 0x0000000745580000, 0x0000000795580000)
  object space 87552K, 0% used [0x0000000740000000,0x0000000740000000,0x0000000745580000)
 Metaspace       used 11323K, capacity 11540K, committed 11776K, reserved 1058816K
  class space    used 1427K, capacity 1512K, committed 1536K, reserved 1048576K
Event: 3589.335 GC heap after
Heap after GC invocations=1 (full 0):
 PSYoungGen      total 38400K, used 3491K [0x0000000795580000, 0x0000000798000000, 0x00000007c0000000)
  eden space 33280K, 0% used [0x0000000795580000,0x0000000795580000,0x0000000797600000)
  from space 5120K, 68% used [0x0000000797600000,0x0000000797968c40,0x0000000797b00000)
  to   space 5120K, 0% used [0x0000000797b00000,0x0000000797b00000,0x0000000798000000)
 ParOldGen       total 87552K, used 16K [0x0000000740000000, 0x0000000745580000, 0x0000000795580000)
  object space 87552K, 0% used [0x0000000740000000,0x0000000740004000,0x0000000745580000)
 Metaspace       used 11323K, capacity 11540K, committed 11776K, reserved 1058816K
  class space    used 1427K, capacity 1512K, committed 1536K, reserved 1048576K
}
Event: 4480.613 GC heap before
{Heap before GC invocations=2 (full 0):
 PSYoungGen      total 38400K, used 36771K [0x0000000795580000, 0x0000000798000000, 0x00000007c0000000)
  eden space 33280K, 100% used [0x0000000795580000,0x0000000797600000,0x0000000797600000)
  from space 5120K, 68% used [0x0000000797600000,0x0000000797968c40,0x0000000797b00000)
  to   space 5120K, 0% used [0x0000000797b00000,0x0000000797b00000,0x0000000798000000)
 ParOldGen       total 87552K, used 16K [0x0000000740000000, 0x0000000745580000, 0x0000000795580000)
  object space 87552K, 0% used [0x0000000740000000,0x0000000740004000,0x0000000745580000)
 Metaspace       used 11348K, capacity 11604K, committed 11776K, reserved 1058816K
  class space    used 1427K, capacity 1512K, committed 1536K, reserved 1048576K
Event: 4480.628 GC heap after
Heap after GC invocations=2 (full 0):
 PSYoungGen      total 38400K, used 5088K [0x0000000795580000, 0x0000000798000000, 0x00000007c0000000)
  eden space 33280K, 0% used [0x0000000795580000,0x0000000795580000,0x0000000797600000)
  from space 5120K, 99% used [0x0000000797b00000,0x0000000797ff8020,0x0000000798000000)
  to   space 5120K, 0% used [0x0000000797600000,0x0000000797600000,0x0000000797b00000)
 ParOldGen       total 87552K, used 24K [0x0000000740000000, 0x0000000745580000, 0x0000000795580000)
  object space 87552K, 0% used [0x0000000740000000,0x0000000740006000,0x0000000745580000)
 Metaspace       used 11348K, capacity 11604K, committed 11776K, reserved 1058816K
  class space    used 1427K, capacity 1512K, committed 1536K, reserved 1048576K
}

Deoptimization events (10 events):
Event: 2205.779 Thread 0x00007ffe28101800 Uncommon trap: reason=unstable_if action=reinterpret pc=0x000000010c238d64 method=java.util.concurrent.locks.ReentrantLock$Sync.tryRelease(I)Z @ 28
Event: 2205.820 Thread 0x00007ffe28101800 Uncommon trap: reason=class_check action=maybe_recompile pc=0x000000010c17855c method=java.lang.String.equals(Ljava/lang/Object;)Z @ 8
Event: 2205.820 Thread 0x00007ffe28101800 Uncommon trap: reason=class_check action=maybe_recompile pc=0x000000010c17855c method=java.lang.String.equals(Ljava/lang/Object;)Z @ 8
Event: 2206.992 Thread 0x00007ffe28101800 Uncommon trap: reason=class_check action=maybe_recompile pc=0x000000010c17855c method=java.lang.String.equals(Ljava/lang/Object;)Z @ 8
Event: 2206.992 Thread 0x00007ffe28101800 Uncommon trap: reason=class_check action=maybe_recompile pc=0x000000010c17855c method=java.lang.String.equals(Ljava/lang/Object;)Z @ 8
Event: 2337.766 Thread 0x00007ffe28101800 Uncommon trap: reason=unstable_if action=reinterpret pc=0x000000010c23b1d8 method=java.util.concurrent.locks.ReentrantLock$Sync.nonfairTryAcquire(I)Z @ 19
Event: 2414.521 Thread 0x00007ffe28101800 Uncommon trap: reason=unstable_if action=reinterpret pc=0x000000010c33a564 method=java.awt.Container$MouseEventTargetFilter.accept(Ljava/awt/Component;)Z @ 43
Event: 3417.554 Thread 0x00007ffe28101800 Uncommon trap: reason=unstable_if action=reinterpret pc=0x000000010c356fcc method=java.awt.Rectangle.inside(II)Z @ 79
Event: 3575.008 Thread 0x00007ffe27916000 Uncommon trap: reason=unstable_if action=reinterpret pc=0x000000010c368ae8 method=java.awt.event.MouseEvent.<init>(Ljava/awt/Component;IJIIIIIIZI)V @ 231
Event: 4069.127 Thread 0x00007ffe28101800 Uncommon trap: reason=unstable_if action=reinterpret pc=0x000000010c381f04 method=java.util.concurrent.locks.LockSupport.unpark(Ljava/lang/Thread;)V @ 1

Internal exceptions (10 events):
Event: 0.194 Thread 0x00007ffe2700b800 Exception <a 'java/lang/NoSuchMethodError': Method sun.misc.Unsafe.prefetchRead(Ljava/lang/Object;J)V name or signature does not match> (0x00000007955931f8) thrown at [/Users/java_re/workspace/8-2-build-macosx-x86_64/jdk8u60/4407/hotspot/src/share/vm/prim
Event: 0.650 Thread 0x00007ffe2700b800 Exception <a 'java/security/PrivilegedActionException'> (0x00000007956176f0) thrown at [/Users/java_re/workspace/8-2-build-macosx-x86_64/jdk8u60/4407/hotspot/src/share/vm/prims/jvm.cpp, line 1386]
Event: 0.650 Thread 0x00007ffe2700b800 Exception <a 'java/security/PrivilegedActionException'> (0x0000000795617900) thrown at [/Users/java_re/workspace/8-2-build-macosx-x86_64/jdk8u60/4407/hotspot/src/share/vm/prims/jvm.cpp, line 1386]
Event: 0.653 Thread 0x00007ffe2700b800 Exception <a 'java/security/PrivilegedActionException'> (0x000000079561aba0) thrown at [/Users/java_re/workspace/8-2-build-macosx-x86_64/jdk8u60/4407/hotspot/src/share/vm/prims/jvm.cpp, line 1386]
Event: 0.653 Thread 0x00007ffe2700b800 Exception <a 'java/security/PrivilegedActionException'> (0x000000079561adb0) thrown at [/Users/java_re/workspace/8-2-build-macosx-x86_64/jdk8u60/4407/hotspot/src/share/vm/prims/jvm.cpp, line 1386]
Event: 1.116 Thread 0x00007ffe2700b800 Exception <a 'java/lang/NoSuchFieldError': method resolution failed> (0x0000000795835630) thrown at [/Users/java_re/workspace/8-2-build-macosx-x86_64/jdk8u60/4407/hotspot/src/share/vm/prims/methodHandles.cpp, line 1146]
Event: 1.123 Thread 0x00007ffe2700b800 Exception <a 'java/lang/NoSuchFieldError': method resolution failed> (0x0000000795842d80) thrown at [/Users/java_re/workspace/8-2-build-macosx-x86_64/jdk8u60/4407/hotspot/src/share/vm/prims/methodHandles.cpp, line 1146]
Event: 2.018 Thread 0x00007ffe2700b800 Exception <a 'java/io/FileNotFoundException'> (0x00000007958be5c0) thrown at [/Users/java_re/workspace/8-2-build-macosx-x86_64/jdk8u60/4407/hotspot/src/share/vm/prims/jni.cpp, line 709]
Event: 2.019 Thread 0x00007ffe2700b800 Exception <a 'java/io/FileNotFoundException'> (0x00000007958bf110) thrown at [/Users/java_re/workspace/8-2-build-macosx-x86_64/jdk8u60/4407/hotspot/src/share/vm/prims/jni.cpp, line 709]
Event: 3589.336 Thread 0x00007ffe27034800 Exception <a 'java/lang/NullPointerException'> (0x000000079570a6d8) thrown at [/Users/java_re/workspace/8-2-build-macosx-x86_64/jdk8u60/4407/hotspot/src/share/vm/interpreter/linkResolver.cpp, line 1178]

Events (10 events):
Event: 4480.630 Executing VM operation: RevokeBias
Event: 4480.630 Executing VM operation: RevokeBias done
Event: 4480.630 Executing VM operation: RevokeBias
Event: 4480.630 Executing VM operation: RevokeBias done
Event: 4480.631 loading class sun/font/StrikeCache$2
Event: 4480.631 loading class sun/font/StrikeCache$2 done
Event: 4480.631 Executing VM operation: RevokeBias
Event: 4480.631 Executing VM operation: RevokeBias done
Event: 4480.631 Executing VM operation: RevokeBias
Event: 4480.631 Executing VM operation: RevokeBias done


Dynamic libraries:
0x0000000013327000 	/System/Library/Frameworks/Cocoa.framework/Versions/A/Cocoa
0x0000000013327000 	/System/Library/Frameworks/Security.framework/Versions/A/Security
0x0000000013327000 	/System/Library/Frameworks/ApplicationServices.framework/Versions/A/ApplicationServices
0x0000000013327000 	/usr/lib/libz.1.dylib
0x0000000013327000 	/usr/lib/libSystem.B.dylib
0x0000000013327000 	/usr/lib/libobjc.A.dylib
0x0000000013327000 	/System/Library/Frameworks/CoreFoundation.framework/Versions/A/CoreFoundation
0x0000000013327000 	/System/Library/Frameworks/Foundation.framework/Versions/C/Foundation
0x0000000013327000 	/System/Library/Frameworks/AppKit.framework/Versions/C/AppKit
0x0000000013327000 	/System/Library/Frameworks/CoreData.framework/Versions/A/CoreData
0x0000000013327000 	/System/Library/PrivateFrameworks/RemoteViewServices.framework/Versions/A/RemoteViewServices
0x0000000013327000 	/System/Library/PrivateFrameworks/UIFoundation.framework/Versions/A/UIFoundation
0x0000000013327000 	/System/Library/PrivateFrameworks/DFRFoundation.framework/Versions/A/DFRFoundation
0x0000000013327000 	/usr/lib/libenergytrace.dylib
0x0000000013327000 	/System/Library/PrivateFrameworks/SkyLight.framework/Versions/A/SkyLight
0x0000000013327000 	/System/Library/Frameworks/CoreGraphics.framework/Versions/A/CoreGraphics
0x0000000013327000 	/usr/lib/libScreenReader.dylib
0x0000000013327000 	/System/Library/Frameworks/Accelerate.framework/Versions/A/Accelerate
0x0000000013327000 	/System/Library/Frameworks/IOSurface.framework/Versions/A/IOSurface
0x0000000013327000 	/System/Library/Frameworks/AudioToolbox.framework/Versions/A/AudioToolbox
0x0000000013327000 	/System/Library/Frameworks/AudioUnit.framework/Versions/A/AudioUnit
0x0000000013327000 	/System/Library/PrivateFrameworks/DataDetectorsCore.framework/Versions/A/DataDetectorsCore
0x0000000013327000 	/System/Library/PrivateFrameworks/DesktopServicesPriv.framework/Versions/A/DesktopServicesPriv
0x0000000013327000 	/System/Library/Frameworks/Carbon.framework/Versions/A/Frameworks/HIToolbox.framework/Versions/A/HIToolbox
0x0000000013327000 	/usr/lib/libicucore.A.dylib
0x0000000013327000 	/System/Library/Frameworks/QuartzCore.framework/Versions/A/QuartzCore
0x0000000013327000 	/System/Library/Frameworks/Carbon.framework/Versions/A/Frameworks/SpeechRecognition.framework/Versions/A/SpeechRecognition
0x0000000013327000 	/usr/lib/libauto.dylib
0x0000000013327000 	/usr/lib/libxml2.2.dylib
0x0000000013327000 	/System/Library/PrivateFrameworks/CoreUI.framework/Versions/A/CoreUI
0x0000000013327000 	/System/Library/Frameworks/CoreAudio.framework/Versions/A/CoreAudio
0x0000000013327000 	/System/Library/Frameworks/DiskArbitration.framework/Versions/A/DiskArbitration
0x0000000013327000 	/usr/lib/liblangid.dylib
0x0000000013327000 	/System/Library/PrivateFrameworks/MultitouchSupport.framework/Versions/A/MultitouchSupport
0x0000000013327000 	/System/Library/Frameworks/IOKit.framework/Versions/A/IOKit
0x0000000013327000 	/usr/lib/libDiagnosticMessagesClient.dylib
0x0000000013327000 	/System/Library/Frameworks/CoreServices.framework/Versions/A/CoreServices
0x0000000013327000 	/System/Library/PrivateFrameworks/PerformanceAnalysis.framework/Versions/A/PerformanceAnalysis
0x0000000013327000 	/System/Library/PrivateFrameworks/GenerationalStorage.framework/Versions/A/GenerationalStorage
0x0000000013327000 	/System/Library/Frameworks/OpenGL.framework/Versions/A/OpenGL
0x0000000013327000 	/System/Library/Frameworks/CoreImage.framework/Versions/A/CoreImage
0x0000000013327000 	/System/Library/Frameworks/CoreText.framework/Versions/A/CoreText
0x0000000013327000 	/System/Library/Frameworks/ImageIO.framework/Versions/A/ImageIO
0x0000000013327000 	/System/Library/PrivateFrameworks/Backup.framework/Versions/A/Backup
0x0000000013327000 	/usr/lib/libarchive.2.dylib
0x0000000013327000 	/System/Library/Frameworks/CFNetwork.framework/Versions/A/CFNetwork
0x0000000013327000 	/System/Library/Frameworks/SystemConfiguration.framework/Versions/A/SystemConfiguration
0x0000000013327000 	/usr/lib/libCRFSuite.dylib
0x0000000013327000 	/usr/lib/libc++.1.dylib
0x0000000013327000 	/usr/lib/libc++abi.dylib
0x0000000013327000 	/usr/lib/system/libcache.dylib
0x0000000013327000 	/usr/lib/system/libcommonCrypto.dylib
0x0000000013327000 	/usr/lib/system/libcompiler_rt.dylib
0x0000000013327000 	/usr/lib/system/libcopyfile.dylib
0x0000000013327000 	/usr/lib/system/libcorecrypto.dylib
0x0000000013327000 	/usr/lib/system/libdispatch.dylib
0x0000000013327000 	/usr/lib/system/libdyld.dylib
0x0000000013327000 	/usr/lib/system/libkeymgr.dylib
0x0000000013327000 	/usr/lib/system/liblaunch.dylib
0x0000000013327000 	/usr/lib/system/libmacho.dylib
0x0000000013327000 	/usr/lib/system/libquarantine.dylib
0x0000000013327000 	/usr/lib/system/libremovefile.dylib
0x0000000013327000 	/usr/lib/system/libsystem_asl.dylib
0x0000000013327000 	/usr/lib/system/libsystem_blocks.dylib
0x0000000013327000 	/usr/lib/system/libsystem_c.dylib
0x0000000013327000 	/usr/lib/system/libsystem_configuration.dylib
0x0000000013327000 	/usr/lib/system/libsystem_coreservices.dylib
0x0000000013327000 	/usr/lib/system/libsystem_coretls.dylib
0x0000000013327000 	/usr/lib/system/libsystem_dnssd.dylib
0x0000000013327000 	/usr/lib/system/libsystem_info.dylib
0x0000000013327000 	/usr/lib/system/libsystem_kernel.dylib
0x0000000013327000 	/usr/lib/system/libsystem_m.dylib
0x0000000013327000 	/usr/lib/system/libsystem_malloc.dylib
0x0000000013327000 	/usr/lib/system/libsystem_network.dylib
0x0000000013327000 	/usr/lib/system/libsystem_networkextension.dylib
0x0000000013327000 	/usr/lib/system/libsystem_notify.dylib
0x0000000013327000 	/usr/lib/system/libsystem_platform.dylib
0x0000000013327000 	/usr/lib/system/libsystem_pthread.dylib
0x0000000013327000 	/usr/lib/system/libsystem_sandbox.dylib
0x0000000013327000 	/usr/lib/system/libsystem_secinit.dylib
0x0000000013327000 	/usr/lib/system/libsystem_symptoms.dylib
0x0000000013327000 	/usr/lib/system/libsystem_trace.dylib
0x0000000013327000 	/usr/lib/system/libunwind.dylib
0x0000000013327000 	/usr/lib/system/libxpc.dylib
0x0000000013327000 	/usr/lib/libbsm.0.dylib
0x0000000013327000 	/usr/lib/system/libkxld.dylib
0x0000000013327000 	/usr/lib/libcoretls.dylib
0x0000000013327000 	/usr/lib/libcoretls_cfhelpers.dylib
0x0000000013327000 	/usr/lib/libOpenScriptingUtil.dylib
0x0000000013327000 	/usr/lib/libpam.2.dylib
0x0000000013327000 	/usr/lib/libsqlite3.dylib
0x0000000013327000 	/usr/lib/libxar.1.dylib
0x0000000013327000 	/usr/lib/libbz2.1.0.dylib
0x0000000013327000 	/usr/lib/liblzma.5.dylib
0x0000000013327000 	/usr/lib/libnetwork.dylib
0x0000000013327000 	/usr/lib/libpcap.A.dylib
0x0000000013327000 	/System/Library/Frameworks/CoreServices.framework/Versions/A/Frameworks/FSEvents.framework/Versions/A/FSEvents
0x0000000013327000 	/System/Library/Frameworks/CoreServices.framework/Versions/A/Frameworks/CarbonCore.framework/Versions/A/CarbonCore
0x0000000013327000 	/System/Library/Frameworks/CoreServices.framework/Versions/A/Frameworks/Metadata.framework/Versions/A/Metadata
0x0000000013327000 	/System/Library/Frameworks/CoreServices.framework/Versions/A/Frameworks/OSServices.framework/Versions/A/OSServices
0x0000000013327000 	/System/Library/Frameworks/CoreServices.framework/Versions/A/Frameworks/SearchKit.framework/Versions/A/SearchKit
0x0000000013327000 	/System/Library/Frameworks/CoreServices.framework/Versions/A/Frameworks/AE.framework/Versions/A/AE
0x0000000013327000 	/System/Library/Frameworks/CoreServices.framework/Versions/A/Frameworks/LaunchServices.framework/Versions/A/LaunchServices
0x0000000013327000 	/System/Library/Frameworks/CoreServices.framework/Versions/A/Frameworks/DictionaryServices.framework/Versions/A/DictionaryServices
0x0000000013327000 	/System/Library/Frameworks/CoreServices.framework/Versions/A/Frameworks/SharedFileList.framework/Versions/A/SharedFileList
0x0000000013327000 	/System/Library/Frameworks/NetFS.framework/Versions/A/NetFS
0x0000000013327000 	/System/Library/PrivateFrameworks/NetAuth.framework/Versions/A/NetAuth
0x0000000013327000 	/System/Library/PrivateFrameworks/login.framework/Versions/A/Frameworks/loginsupport.framework/Versions/A/loginsupport
0x0000000013327000 	/System/Library/PrivateFrameworks/TCC.framework/Versions/A/TCC
0x0000000013327000 	/usr/lib/libmecabra.dylib
0x0000000013327000 	/System/Library/Frameworks/ApplicationServices.framework/Versions/A/Frameworks/ATS.framework/Versions/A/ATS
0x0000000013327000 	/System/Library/Frameworks/ApplicationServices.framework/Versions/A/Frameworks/ColorSync.framework/Versions/A/ColorSync
0x0000000013327000 	/System/Library/Frameworks/ApplicationServices.framework/Versions/A/Frameworks/HIServices.framework/Versions/A/HIServices
0x0000000013327000 	/System/Library/Frameworks/ApplicationServices.framework/Versions/A/Frameworks/LangAnalysis.framework/Versions/A/LangAnalysis
0x0000000013327000 	/System/Library/Frameworks/ApplicationServices.framework/Versions/A/Frameworks/PrintCore.framework/Versions/A/PrintCore
0x0000000013327000 	/System/Library/Frameworks/ApplicationServices.framework/Versions/A/Frameworks/QD.framework/Versions/A/QD
0x0000000013327000 	/System/Library/Frameworks/ApplicationServices.framework/Versions/A/Frameworks/SpeechSynthesis.framework/Versions/A/SpeechSynthesis
0x0000000013327000 	/System/Library/Frameworks/Accelerate.framework/Versions/A/Frameworks/vImage.framework/Versions/A/vImage
0x0000000013327000 	/System/Library/Frameworks/Accelerate.framework/Versions/A/Frameworks/vecLib.framework/Versions/A/vecLib
0x0000000013327000 	/System/Library/Frameworks/Accelerate.framework/Versions/A/Frameworks/vecLib.framework/Versions/A/libvDSP.dylib
0x0000000013327000 	/System/Library/Frameworks/Accelerate.framework/Versions/A/Frameworks/vecLib.framework/Versions/A/libBNNS.dylib
0x0000000013327000 	/System/Library/Frameworks/Accelerate.framework/Versions/A/Frameworks/vecLib.framework/Versions/A/libQuadrature.dylib
0x0000000013327000 	/System/Library/Frameworks/Accelerate.framework/Versions/A/Frameworks/vecLib.framework/Versions/A/libvMisc.dylib
0x0000000013327000 	/System/Library/Frameworks/Accelerate.framework/Versions/A/Frameworks/vecLib.framework/Versions/A/libLAPACK.dylib
0x0000000013327000 	/System/Library/Frameworks/Accelerate.framework/Versions/A/Frameworks/vecLib.framework/Versions/A/libBLAS.dylib
0x0000000013327000 	/System/Library/Frameworks/Accelerate.framework/Versions/A/Frameworks/vecLib.framework/Versions/A/libLinearAlgebra.dylib
0x0000000013327000 	/System/Library/Frameworks/Accelerate.framework/Versions/A/Frameworks/vecLib.framework/Versions/A/libSparseBLAS.dylib
0x0000000013327000 	/System/Library/Frameworks/ApplicationServices.framework/Versions/A/Frameworks/ATS.framework/Versions/A/Resources/libFontParser.dylib
0x0000000013327000 	/System/Library/Frameworks/ApplicationServices.framework/Versions/A/Frameworks/ATS.framework/Versions/A/Resources/libFontRegistry.dylib
0x0000000013327000 	/System/Library/Frameworks/ImageIO.framework/Versions/A/Resources/libJPEG.dylib
0x0000000013327000 	/System/Library/Frameworks/ImageIO.framework/Versions/A/Resources/libTIFF.dylib
0x0000000013327000 	/System/Library/Frameworks/ImageIO.framework/Versions/A/Resources/libPng.dylib
0x0000000013327000 	/System/Library/Frameworks/ImageIO.framework/Versions/A/Resources/libGIF.dylib
0x0000000013327000 	/System/Library/Frameworks/ImageIO.framework/Versions/A/Resources/libJP2.dylib
0x0000000013327000 	/System/Library/Frameworks/ImageIO.framework/Versions/A/Resources/libRadiance.dylib
0x0000000013327000 	/usr/lib/libcompression.dylib
0x0000000013327000 	/System/Library/PrivateFrameworks/AppleJPEG.framework/Versions/A/AppleJPEG
0x0000000013327000 	/usr/lib/libcups.2.dylib
0x0000000013327000 	/System/Library/Frameworks/Kerberos.framework/Versions/A/Kerberos
0x0000000013327000 	/System/Library/Frameworks/GSS.framework/Versions/A/GSS
0x0000000013327000 	/usr/lib/libresolv.9.dylib
0x0000000013327000 	/usr/lib/libiconv.2.dylib
0x0000000013327000 	/System/Library/PrivateFrameworks/Heimdal.framework/Versions/A/Heimdal
0x0000000013327000 	/usr/lib/libheimdal-asn1.dylib
0x0000000013327000 	/System/Library/Frameworks/OpenDirectory.framework/Versions/A/OpenDirectory
0x0000000013327000 	/System/Library/PrivateFrameworks/CommonAuth.framework/Versions/A/CommonAuth
0x0000000013327000 	/System/Library/Frameworks/OpenDirectory.framework/Versions/A/Frameworks/CFOpenDirectory.framework/Versions/A/CFOpenDirectory
0x0000000013327000 	/System/Library/Frameworks/SecurityFoundation.framework/Versions/A/SecurityFoundation
0x0000000013327000 	/System/Library/PrivateFrameworks/LanguageModeling.framework/Versions/A/LanguageModeling
0x0000000013327000 	/usr/lib/libmarisa.dylib
0x0000000013327000 	/usr/lib/libChineseTokenizer.dylib
0x0000000013327000 	/usr/lib/libcmph.dylib
0x0000000013327000 	/System/Library/PrivateFrameworks/CoreEmoji.framework/Versions/A/CoreEmoji
0x0000000013327000 	/System/Library/Frameworks/ServiceManagement.framework/Versions/A/ServiceManagement
0x0000000013327000 	/usr/lib/libxslt.1.dylib
0x0000000013327000 	/System/Library/Frameworks/Carbon.framework/Versions/A/Frameworks/Ink.framework/Versions/A/Ink
0x0000000013327000 	/System/Library/PrivateFrameworks/TextureIO.framework/Versions/A/TextureIO
0x0000000013327000 	/System/Library/Frameworks/Metal.framework/Versions/A/Metal
0x0000000013327000 	/usr/lib/libate.dylib
0x0000000013327000 	/System/Library/PrivateFrameworks/GPUCompiler.framework/libmetal_timestamp.dylib
0x0000000013327000 	/System/Library/Frameworks/OpenGL.framework/Versions/A/Libraries/libCoreFSCache.dylib
0x0000000013327000 	/System/Library/PrivateFrameworks/IOAccelerator.framework/Versions/A/IOAccelerator
0x0000000013327000 	/System/Library/Frameworks/CoreVideo.framework/Versions/A/CoreVideo
0x0000000013327000 	/usr/lib/libFosl_dynamic.dylib
0x0000000013327000 	/System/Library/PrivateFrameworks/MetalPerformanceShaders.framework/Versions/A/MetalPerformanceShaders
0x0000000013327000 	/System/Library/PrivateFrameworks/FaceCore.framework/Versions/A/FaceCore
0x0000000013327000 	/System/Library/Frameworks/OpenCL.framework/Versions/A/OpenCL
0x0000000013327000 	/System/Library/Frameworks/OpenGL.framework/Versions/A/Libraries/libGLU.dylib
0x0000000013327000 	/System/Library/Frameworks/OpenGL.framework/Versions/A/Libraries/libGFXShared.dylib
0x0000000013327000 	/System/Library/Frameworks/OpenGL.framework/Versions/A/Libraries/libGL.dylib
0x0000000013327000 	/System/Library/Frameworks/OpenGL.framework/Versions/A/Libraries/libGLImage.dylib
0x0000000013327000 	/System/Library/Frameworks/OpenGL.framework/Versions/A/Libraries/libCVMSPluginSupport.dylib
0x0000000013327000 	/System/Library/Frameworks/OpenGL.framework/Versions/A/Libraries/libCoreVMClient.dylib
0x0000000013327000 	/System/Library/PrivateFrameworks/CrashReporterSupport.framework/Versions/A/CrashReporterSupport
0x0000000013327000 	/System/Library/PrivateFrameworks/Sharing.framework/Versions/A/Sharing
0x0000000013327000 	/System/Library/PrivateFrameworks/IconServices.framework/Versions/A/IconServices
0x0000000013327000 	/System/Library/PrivateFrameworks/ProtocolBuffer.framework/Versions/A/ProtocolBuffer
0x0000000013327000 	/System/Library/PrivateFrameworks/Apple80211.framework/Versions/A/Apple80211
0x0000000013327000 	/System/Library/Frameworks/CoreWLAN.framework/Versions/A/CoreWLAN
0x0000000013327000 	/System/Library/PrivateFrameworks/CoreUtils.framework/Versions/A/CoreUtils
0x0000000013327000 	/System/Library/Frameworks/IOBluetooth.framework/Versions/A/IOBluetooth
0x0000000013327000 	/System/Library/PrivateFrameworks/CoreWiFi.framework/Versions/A/CoreWiFi
0x0000000013327000 	/System/Library/Frameworks/CoreBluetooth.framework/Versions/A/CoreBluetooth
0x0000000013327000 	/System/Library/Frameworks/CoreDisplay.framework/Versions/A/CoreDisplay
0x0000000013327000 	/System/Library/PrivateFrameworks/IOPresentment.framework/Versions/A/IOPresentment
0x0000000013327000 	/System/Library/PrivateFrameworks/DSExternalDisplay.framework/Versions/A/DSExternalDisplay
0x0000000013327000 	/System/Library/PrivateFrameworks/DebugSymbols.framework/Versions/A/DebugSymbols
0x0000000013327000 	/System/Library/PrivateFrameworks/CoreSymbolication.framework/Versions/A/CoreSymbolication
0x0000000013327000 	/System/Library/PrivateFrameworks/Symbolication.framework/Versions/A/Symbolication
0x0000000013327000 	/System/Library/PrivateFrameworks/AppleFSCompression.framework/Versions/A/AppleFSCompression
0x0000000013327000 	/System/Library/PrivateFrameworks/SpeechRecognitionCore.framework/Versions/A/SpeechRecognitionCore
0x0000000013327000 	/System/Library/PrivateFrameworks/ChunkingLibrary.framework/Versions/A/ChunkingLibrary
0x0000000109600000 	/Library/Java/JavaVirtualMachines/jdk1.8.0_60.jdk/Contents/Home/jre/lib/server/libjvm.dylib
0x0000000013327000 	/usr/lib/libstdc++.6.dylib
0x0000000108ded000 	/Library/Java/JavaVirtualMachines/jdk1.8.0_60.jdk/Contents/Home/jre/lib/libverify.dylib
0x000000010a589000 	/Library/Java/JavaVirtualMachines/jdk1.8.0_60.jdk/Contents/Home/jre/lib/libjava.dylib
0x000000010a5c6000 	/Library/Java/JavaVirtualMachines/jdk1.8.0_60.jdk/Contents/Home/jre/lib/libzip.dylib
0x000000010bf60000 	/System/Library/Frameworks/JavaVM.framework/Frameworks/JavaRuntimeSupport.framework/JavaRuntimeSupport
0x000000011ffd9000 	/System/Library/Frameworks/JavaVM.framework/Versions/A/Frameworks/JavaNativeFoundation.framework/Versions/A/JavaNativeFoundation
0x000000011ffee000 	/System/Library/Frameworks/JavaVM.framework/Versions/A/JavaVM
0x0000000013327000 	/System/Library/Frameworks/Carbon.framework/Versions/A/Carbon
0x000000011fffb000 	/System/Library/PrivateFrameworks/JavaLaunching.framework/Versions/A/JavaLaunching
0x0000000013327000 	/System/Library/Frameworks/Carbon.framework/Versions/A/Frameworks/CommonPanels.framework/Versions/A/CommonPanels
0x0000000013327000 	/System/Library/Frameworks/Carbon.framework/Versions/A/Frameworks/Help.framework/Versions/A/Help
0x0000000013327000 	/System/Library/Frameworks/Carbon.framework/Versions/A/Frameworks/ImageCapture.framework/Versions/A/ImageCapture
0x0000000013327000 	/System/Library/Frameworks/Carbon.framework/Versions/A/Frameworks/OpenScripting.framework/Versions/A/OpenScripting
0x0000000013327000 	/System/Library/Frameworks/Carbon.framework/Versions/A/Frameworks/Print.framework/Versions/A/Print
0x0000000013327000 	/System/Library/Frameworks/Carbon.framework/Versions/A/Frameworks/SecurityHI.framework/Versions/A/SecurityHI
0x0000000121910000 	/Library/Java/JavaVirtualMachines/jdk1.8.0_60.jdk/Contents/Home/jre/lib/libawt.dylib
0x00000001219b8000 	/Library/Java/JavaVirtualMachines/jdk1.8.0_60.jdk/Contents/Home/jre/lib/./libmlib_image.dylib
0x0000000121a84000 	/Library/Java/JavaVirtualMachines/jdk1.8.0_60.jdk/Contents/Home/jre/lib/libawt_lwawt.dylib
0x0000000121b39000 	/Library/Java/JavaVirtualMachines/jdk1.8.0_60.jdk/Contents/Home/jre/lib/./libosxapp.dylib
0x0000000013327000 	/System/Library/Frameworks/ExceptionHandling.framework/Versions/A/ExceptionHandling
0x0000000013327000 	/System/Library/PrivateFrameworks/CoreServicesInternal.framework/Versions/A/CoreServicesInternal
0x0000000013327000 	/System/Library/CoreServices/RawCamera.bundle/Contents/MacOS/RawCamera
0x0000000013327000 	/System/Library/Frameworks/Accelerate.framework/Versions/A/Frameworks/vImage.framework/Versions/A/Libraries/libCGInterfaces.dylib
0x0000000013327000 	/System/Library/Frameworks/ApplicationServices.framework/Versions/A/Frameworks/ATS.framework/Versions/A/Resources/libTrueTypeScaler.dylib
0x0000000013327000 	/System/Library/Frameworks/OpenGL.framework/Versions/A/Resources/GLEngine.bundle/GLEngine
0x0000000013327000 	/System/Library/Frameworks/OpenGL.framework/Versions/A/Libraries/libGLProgrammability.dylib
0x0000000123beb000 	/System/Library/Extensions/AppleIntelHD4000GraphicsGLDriver.bundle/Contents/MacOS/AppleIntelHD4000GraphicsGLDriver
0x0000000013327000 	/System/Library/PrivateFrameworks/GPUSupport.framework/Versions/A/Libraries/libGPUSupportMercury.dylib
0x0000000013327000 	/System/Library/Frameworks/OpenGL.framework/Versions/A/Resources/GLRendererFloat.bundle/GLRendererFloat
0x0000000013327000 	/System/Library/Frameworks/OpenCL.framework/Versions/A/Libraries/libcldcpuengine.dylib
0x0000000013327000 	/usr/lib/libcrypto.0.9.8.dylib
0x0000000013327000 	/System/Library/PrivateFrameworks/TrustEvaluationAgent.framework/Versions/A/TrustEvaluationAgent
0x00000001241f5000 	/System/Library/Extensions/AppleIntelHD4000GraphicsMTLDriver.bundle/Contents/MacOS/AppleIntelHD4000GraphicsMTLDriver
0x0000000013327000 	/System/Library/PrivateFrameworks/FamilyControls.framework/Versions/A/FamilyControls
0x0000000013327000 	/System/Library/PrivateFrameworks/CommerceKit.framework/Versions/A/Frameworks/CommerceCore.framework/Versions/A/CommerceCore
0x0000000013327000 	/System/Library/PrivateFrameworks/SystemAdministration.framework/Versions/A/SystemAdministration
0x0000000013327000 	/System/Library/PrivateFrameworks/AppContainer.framework/Versions/A/AppContainer
0x0000000013327000 	/System/Library/PrivateFrameworks/SecCodeWrapper.framework/Versions/A/SecCodeWrapper
0x0000000013327000 	/System/Library/Frameworks/DirectoryService.framework/Versions/A/DirectoryService
0x0000000013327000 	/System/Library/PrivateFrameworks/DiskImages.framework/Versions/A/DiskImages
0x0000000013327000 	/System/Library/PrivateFrameworks/LoginUIKit.framework/Versions/A/Frameworks/LoginUICore.framework/Versions/A/LoginUICore
0x0000000013327000 	/usr/lib/libCoreStorage.dylib
0x0000000013327000 	/usr/lib/libcsfde.dylib
0x0000000013327000 	/usr/lib/libodfde.dylib
0x0000000013327000 	/System/Library/Frameworks/DiscRecording.framework/Versions/A/DiscRecording
0x0000000013327000 	/usr/lib/libcurl.4.dylib
0x0000000013327000 	/System/Library/PrivateFrameworks/MediaKit.framework/Versions/A/MediaKit
0x0000000013327000 	/System/Library/PrivateFrameworks/ProtectedCloudStorage.framework/Versions/A/ProtectedCloudStorage
0x0000000013327000 	/System/Library/PrivateFrameworks/EFILogin.framework/Versions/A/EFILogin
0x0000000013327000 	/usr/lib/libutil.dylib
0x0000000013327000 	/System/Library/Frameworks/LDAP.framework/Versions/A/LDAP
0x0000000013327000 	/usr/lib/libsasl2.2.dylib
0x0000000013327000 	/System/Library/PrivateFrameworks/CoreDaemon.framework/Versions/B/CoreDaemon
0x0000000013327000 	/System/Library/PrivateFrameworks/AppleSRP.framework/Versions/A/AppleSRP
0x0000000013327000 	/System/Library/PrivateFrameworks/APFS.framework/Versions/A/APFS
0x0000000125deb000 	/Library/Java/JavaVirtualMachines/jdk1.8.0_60.jdk/Contents/Home/jre/lib/libfontmanager.dylib
0x0000000013327000 	/System/Library/PrivateFrameworks/ViewBridge.framework/Versions/A/ViewBridge
0x0000000013327000 	/System/Library/PrivateFrameworks/XPCService.framework/Versions/A/XPCService
0x0000000013327000 	/System/Library/PrivateFrameworks/AppSandbox.framework/Versions/A/AppSandbox
0x0000000013327000 	/usr/lib/libsandbox.1.dylib
0x0000000013327000 	/usr/lib/libMatch.1.dylib
0x0000000125e52000 	/Library/Java/JavaVirtualMachines/jdk1.8.0_60.jdk/Contents/Home/jre/lib/libosxui.dylib
0x0000000127fc2000 	/Library/Java/JavaVirtualMachines/jdk1.8.0_60.jdk/Contents/Home/jre/lib/libnet.dylib
0x0000000127fd9000 	/Library/Java/JavaVirtualMachines/jdk1.8.0_60.jdk/Contents/Home/jre/lib/libnio.dylib

VM Arguments:
jvm_args: -Dfile.encoding=UTF-8 
java_command: main.RPG_GAME
java_class_path (initial): /Applications/NetBeans/NetBeans 8.0.2.app/Contents/Resources/NetBeans/java/modules/ext/AbsoluteLayout.jar:/Users/steffen/Documents/JavaProjects/RPG_GAME/build/classes
Launcher Type: SUN_STANDARD

Environment Variables:
PATH=/usr/bin:/bin:/usr/sbin:/sbin
LD_LIBRARY_PATH=/Library/Java/JavaVirtualMachines/jdk1.8.0_60.jdk/Contents/Home/jre/lib/amd64:/Library/Java/JavaVirtualMachines/jdk1.8.0_60.jdk/Contents/Home/jre/lib/i386:
SHELL=/bin/bash
DISPLAY=/private/tmp/com.apple.launchd.hQpt3B3c1H/org.macosforge.xquartz:0

Signal Handlers:
SIGSEGV: [libjvm.dylib+0x5a6d31], sa_mask[0]=11111111011111110111111111111111, sa_flags=SA_ONSTACK|SA_RESTART|SA_SIGINFO
SIGBUS: [libjvm.dylib+0x5a6d31], sa_mask[0]=11111111011111110111111111111111, sa_flags=SA_RESTART|SA_SIGINFO
SIGFPE: [libjvm.dylib+0x480a4c], sa_mask[0]=11111111011111110111111111111111, sa_flags=SA_RESTART|SA_SIGINFO
SIGPIPE: [libjvm.dylib+0x480a4c], sa_mask[0]=11111111011111110111111111111111, sa_flags=SA_RESTART|SA_SIGINFO
SIGXFSZ: [libjvm.dylib+0x480a4c], sa_mask[0]=11111111011111110111111111111111, sa_flags=SA_RESTART|SA_SIGINFO
SIGILL: [libjvm.dylib+0x480a4c], sa_mask[0]=11111111011111110111111111111111, sa_flags=SA_RESTART|SA_SIGINFO
SIGUSR1: SIG_DFL, sa_mask[0]=00000000000000000000000000000000, sa_flags=none
SIGUSR2: [libjvm.dylib+0x48056a], sa_mask[0]=00100000000000000000000000000000, sa_flags=SA_RESTART|SA_SIGINFO
SIGHUP: [libjvm.dylib+0x47eb41], sa_mask[0]=11111111011111110111111111111111, sa_flags=SA_RESTART|SA_SIGINFO
SIGINT: SIG_IGN, sa_mask[0]=00000000000000000000000000000000, sa_flags=none
SIGTERM: [libjvm.dylib+0x47eb41], sa_mask[0]=11111111011111110111111111111111, sa_flags=SA_RESTART|SA_SIGINFO
SIGQUIT: [libjvm.dylib+0x47eb41], sa_mask[0]=11111111011111110111111111111111, sa_flags=SA_RESTART|SA_SIGINFO


---------------  S Y S T E M  ---------------

OS:Bsduname:Darwin 16.5.0 Darwin Kernel Version 16.5.0: Fri Mar  3 16:52:33 PST 2017; root:xnu-3789.51.2~3/RELEASE_X86_64 x86_64
rlimit: STACK 8192k, CORE 0k, NPROC 709, NOFILE 10240, AS infinity
load average:1.91 2.12 2.13

CPU:total 4 (2 cores per cpu, 2 threads per core) family 6 model 58 stepping 9, cmov, cx8, fxsr, mmx, sse, sse2, sse3, ssse3, sse4.1, sse4.2, popcnt, avx, aes, clmul, erms, ht, tsc, tscinvbit, tscinv

Memory: 4k page, physical 8388608k(1198392k free)

/proc/meminfo:


vm_info: Java HotSpot(TM) 64-Bit Server VM (25.60-b23) for bsd-amd64 JRE (1.8.0_60-b27), built on Aug  4 2015 10:47:24 by "java_re" with gcc 4.2.1 (Based on Apple Inc. build 5658) (LLVM build 2336.11.00)

time: Fri Jun  2 09:57:28 2017
elapsed time: 4480 seconds (0d 1h 14m 40s)

